<?xml version='1.0' encoding='UTF-8'?>
<!DOCTYPE coverage SYSTEM 'http://cobertura.sourceforge.net/xml/coverage-04.dtd'>
<coverage line-rate="0.0" branch-rate="0.0" lines-covered="0" lines-valid="1512" branches-covered="0" branches-valid="497" complexity="0.0" timestamp="1744906540" version="gcovr 8.3+main"><sources><source>/home/user/dev/duplicut</source></sources><packages><package name="include" line-rate="0.0" branch-rate="0.0" complexity="0.0"><classes><class name="xxhash_h" filename="include/xxhash.h" line-rate="0.0" branch-rate="0.0" complexity="0.0"><methods><method name="XXH_malloc" signature="()" line-rate="0.0" branch-rate="1.0" complexity="0.0"><lines><line number="1727" hits="0" branch="false"/></lines></method><method name="XXH_free" signature="()" line-rate="0.0" branch-rate="1.0" complexity="0.0"><lines><line number="1733" hits="0" branch="false"/></lines></method><method name="XXH_memcpy" signature="()" line-rate="0.0" branch-rate="1.0" complexity="0.0"><lines><line number="1743" hits="0" branch="false"/><line number="1745" hits="0" branch="false"/></lines></method><method name="XXH_read32" signature="()" line-rate="0.0" branch-rate="1.0" complexity="0.0"><lines><line number="1939" hits="0" branch="false"/><line number="1942" hits="0" branch="false"/></lines></method><method name="XXH_readLE32" signature="()" line-rate="0.0" branch-rate="1.0" complexity="0.0"><lines><line number="2113" hits="0" branch="false"/><line number="2115" hits="0" branch="false"/></lines></method><method name="XXH_readBE32" signature="()" line-rate="0.0" branch-rate="1.0" complexity="0.0"><lines><line number="2118" hits="0" branch="false"/><line number="2120" hits="0" branch="false"/></lines></method><method name="XXH_readLE32_align" signature="()" line-rate="0.0" branch-rate="0.0" complexity="0.0"><lines><line number="2125" hits="0" branch="false"/><line number="2127" hits="0" branch="true" condition-coverage="0% (0/2)"><conditions><condition number="0" type="jump" coverage="0%"/></conditions></line><line number="2128" hits="0" branch="false"/><line number="2130" hits="0" branch="false"/></lines></method><method name="XXH32_round" signature="()" line-rate="0.0" branch-rate="1.0" complexity="0.0"><lines><line number="2179" hits="0" branch="false"/><line number="2181" hits="0" branch="false"/><line number="2182" hits="0" branch="false"/><line number="2183" hits="0" branch="false"/><line number="2220" hits="0" branch="false"/></lines></method><method name="XXH32_avalanche" signature="()" line-rate="0.0" branch-rate="1.0" complexity="0.0"><lines><line number="2233" hits="0" branch="false"/><line number="2235" hits="0" branch="false"/><line number="2236" hits="0" branch="false"/><line number="2237" hits="0" branch="false"/><line number="2238" hits="0" branch="false"/><line number="2239" hits="0" branch="false"/><line number="2240" hits="0" branch="false"/></lines></method><method name="XXH32_finalize" signature="()" line-rate="0.0" branch-rate="0.0" complexity="0.0"><lines><line number="2261" hits="0" branch="false"/><line number="2278" hits="0" branch="false"/><line number="2279" hits="0" branch="true" condition-coverage="0% (0/2)"><conditions><condition number="0" type="jump" coverage="0%"/></conditions></line><line number="2280" hits="0" branch="false"/><line number="2281" hits="0" branch="false"/><line number="2283" hits="0" branch="true" condition-coverage="0% (0/2)"><conditions><condition number="0" type="jump" coverage="0%"/></conditions></line><line number="2284" hits="0" branch="false"/><line number="2285" hits="0" branch="false"/><line number="2287" hits="0" branch="false"/></lines></method><method name="XXH32_endian_align" signature="()" line-rate="0.0" branch-rate="0.0" complexity="0.0"><lines><line number="2350" hits="0" branch="false"/><line number="2356" hits="0" branch="true" condition-coverage="0% (0/2)"><conditions><condition number="0" type="jump" coverage="0%"/></conditions></line><line number="2357" hits="0" branch="false"/><line number="2358" hits="0" branch="false"/><line number="2359" hits="0" branch="false"/><line number="2360" hits="0" branch="false"/><line number="2361" hits="0" branch="false"/><line number="2362" hits="0" branch="false"/><line number="2365" hits="0" branch="false"/><line number="2366" hits="0" branch="false"/><line number="2367" hits="0" branch="false"/><line number="2368" hits="0" branch="false"/><line number="2369" hits="0" branch="true" condition-coverage="0% (0/2)"><conditions><condition number="0" type="jump" coverage="0%"/></conditions></line><line number="2371" hits="0" branch="false"/><line number="2372" hits="0" branch="false"/><line number="2374" hits="0" branch="false"/><line number="2377" hits="0" branch="false"/><line number="2379" hits="0" branch="false"/></lines></method><method name="XXH_read64" signature="()" line-rate="0.0" branch-rate="1.0" complexity="0.0"><lines><line number="2583" hits="0" branch="false"/><line number="2586" hits="0" branch="false"/></lines></method><method name="XXH_readLE64" signature="()" line-rate="0.0" branch-rate="1.0" complexity="0.0"><lines><line number="2653" hits="0" branch="false"/><line number="2655" hits="0" branch="false"/></lines></method><method name="XXH_readBE64" signature="()" line-rate="0.0" branch-rate="1.0" complexity="0.0"><lines><line number="2658" hits="0" branch="false"/><line number="2660" hits="0" branch="false"/></lines></method><method name="XXH_readLE64_align" signature="()" line-rate="0.0" branch-rate="0.0" complexity="0.0"><lines><line number="2665" hits="0" branch="false"/><line number="2667" hits="0" branch="true" condition-coverage="0% (0/2)"><conditions><condition number="0" type="jump" coverage="0%"/></conditions></line><line number="2668" hits="0" branch="false"/><line number="2670" hits="0" branch="false"/></lines></method><method name="XXH64_round" signature="()" line-rate="0.0" branch-rate="1.0" complexity="0.0"><lines><line number="2699" hits="0" branch="false"/><line number="2701" hits="0" branch="false"/><line number="2702" hits="0" branch="false"/><line number="2703" hits="0" branch="false"/><line number="2704" hits="0" branch="false"/></lines></method><method name="XXH64_mergeRound" signature="()" line-rate="0.0" branch-rate="1.0" complexity="0.0"><lines><line number="2707" hits="0" branch="false"/><line number="2709" hits="0" branch="false"/><line number="2710" hits="0" branch="false"/><line number="2711" hits="0" branch="false"/><line number="2712" hits="0" branch="false"/></lines></method><method name="XXH64_avalanche" signature="()" line-rate="0.0" branch-rate="1.0" complexity="0.0"><lines><line number="2716" hits="0" branch="false"/><line number="2718" hits="0" branch="false"/><line number="2719" hits="0" branch="false"/><line number="2720" hits="0" branch="false"/><line number="2721" hits="0" branch="false"/><line number="2722" hits="0" branch="false"/><line number="2723" hits="0" branch="false"/></lines></method><method name="XXH64_finalize" signature="()" line-rate="0.0" branch-rate="0.0" complexity="0.0"><lines><line number="2745" hits="0" branch="false"/><line number="2748" hits="0" branch="false"/><line number="2749" hits="0" branch="true" condition-coverage="0% (0/2)"><conditions><condition number="0" type="jump" coverage="0%"/></conditions></line><line number="2750" hits="0" branch="false"/><line number="2751" hits="0" branch="false"/><line number="2752" hits="0" branch="false"/><line number="2753" hits="0" branch="false"/><line number="2754" hits="0" branch="false"/><line number="2756" hits="0" branch="true" condition-coverage="0% (0/2)"><conditions><condition number="0" type="jump" coverage="0%"/></conditions></line><line number="2757" hits="0" branch="false"/><line number="2758" hits="0" branch="false"/><line number="2759" hits="0" branch="false"/><line number="2760" hits="0" branch="false"/><line number="2762" hits="0" branch="true" condition-coverage="0% (0/2)"><conditions><condition number="0" type="jump" coverage="0%"/></conditions></line><line number="2763" hits="0" branch="false"/><line number="2764" hits="0" branch="false"/><line number="2765" hits="0" branch="false"/><line number="2767" hits="0" branch="false"/></lines></method><method name="XXH64_endian_align" signature="()" line-rate="0.0" branch-rate="0.0" complexity="0.0"><lines><line number="2789" hits="0" branch="false"/><line number="2794" hits="0" branch="true" condition-coverage="0% (0/2)"><conditions><condition number="0" type="jump" coverage="0%"/></conditions></line><line number="2795" hits="0" branch="false"/><line number="2796" hits="0" branch="false"/><line number="2797" hits="0" branch="false"/><line number="2798" hits="0" branch="false"/><line number="2799" hits="0" branch="false"/><line number="2800" hits="0" branch="false"/><line number="2803" hits="0" branch="false"/><line number="2804" hits="0" branch="false"/><line number="2805" hits="0" branch="false"/><line number="2806" hits="0" branch="false"/><line number="2807" hits="0" branch="true" condition-coverage="0% (0/2)"><conditions><condition number="0" type="jump" coverage="0%"/></conditions></line><line number="2809" hits="0" branch="false"/><line number="2810" hits="0" branch="false"/><line number="2811" hits="0" branch="false"/><line number="2812" hits="0" branch="false"/><line number="2813" hits="0" branch="false"/><line number="2816" hits="0" branch="false"/><line number="2819" hits="0" branch="false"/><line number="2821" hits="0" branch="false"/></lines></method><method name="XXH_mult64to128" signature="()" line-rate="0.0" branch-rate="1.0" complexity="0.0"><lines><line number="3614" hits="0" branch="false"/><line number="3635" hits="0" branch="false"/><line number="3637" hits="0" branch="false"/><line number="3638" hits="0" branch="false"/><line number="3639" hits="0" branch="false"/></lines></method><method name="XXH3_mul128_fold64" signature="()" line-rate="0.0" branch-rate="1.0" complexity="0.0"><lines><line number="3748" hits="0" branch="false"/><line number="3750" hits="0" branch="false"/><line number="3751" hits="0" branch="false"/></lines></method><method name="XXH_xorshift64" signature="()" line-rate="0.0" branch-rate="1.0" complexity="0.0"><lines><line number="3755" hits="0" branch="false"/><line number="3758" hits="0" branch="false"/></lines></method><method name="XXH3_avalanche" signature="()" line-rate="0.0" branch-rate="1.0" complexity="0.0"><lines><line number="3765" hits="0" branch="false"/><line number="3767" hits="0" branch="false"/><line number="3768" hits="0" branch="false"/><line number="3769" hits="0" branch="false"/><line number="3770" hits="0" branch="false"/></lines></method><method name="XXH3_rrmxmx" signature="()" line-rate="0.0" branch-rate="1.0" complexity="0.0"><lines><line number="3778" hits="0" branch="false"/><line number="3781" hits="0" branch="false"/><line number="3782" hits="0" branch="false"/><line number="3783" hits="0" branch="false"/><line number="3784" hits="0" branch="false"/><line number="3785" hits="0" branch="false"/></lines></method><method name="XXH3_len_1to3_64b" signature="()" line-rate="0.0" branch-rate="1.0" complexity="0.0"><lines><line number="3823" hits="0" branch="false"/><line number="3833" hits="0" branch="false"/><line number="3834" hits="0" branch="false"/><line number="3835" hits="0" branch="false"/><line number="3836" hits="0" branch="false"/><line number="3837" hits="0" branch="false"/><line number="3838" hits="0" branch="false"/><line number="3839" hits="0" branch="false"/><line number="3840" hits="0" branch="false"/></lines></method><method name="XXH3_len_4to8_64b" signature="()" line-rate="0.0" branch-rate="1.0" complexity="0.0"><lines><line number="3845" hits="0" branch="false"/><line number="3850" hits="0" branch="false"/><line number="3851" hits="0" branch="false"/><line number="3852" hits="0" branch="false"/><line number="3853" hits="0" branch="false"/><line number="3854" hits="0" branch="false"/><line number="3855" hits="0" branch="false"/><line number="3856" hits="0" branch="false"/></lines></method><method name="XXH3_len_9to16_64b" signature="()" line-rate="0.0" branch-rate="1.0" complexity="0.0"><lines><line number="3861" hits="0" branch="false"/><line number="3866" hits="0" branch="false"/><line number="3867" hits="0" branch="false"/><line number="3868" hits="0" branch="false"/><line number="3869" hits="0" branch="false"/><line number="3870" hits="0" branch="false"/><line number="3871" hits="0" branch="false"/><line number="3872" hits="0" branch="false"/><line number="3873" hits="0" branch="false"/></lines></method><method name="XXH3_len_0to16_64b" signature="()" line-rate="0.0" branch-rate="0.0" complexity="0.0"><lines><line number="3878" hits="0" branch="false"/><line number="3881" hits="0" branch="true" condition-coverage="0% (0/2)"><conditions><condition number="0" type="jump" coverage="0%"/></conditions></line><line number="3882" hits="0" branch="true" condition-coverage="0% (0/2)"><conditions><condition number="0" type="jump" coverage="0%"/></conditions></line><line number="3883" hits="0" branch="true" condition-coverage="0% (0/2)"><conditions><condition number="0" type="jump" coverage="0%"/></conditions></line><line number="3884" hits="0" branch="false"/></lines></method><method name="XXH3_mix16B" signature="()" line-rate="0.0" branch-rate="1.0" complexity="0.0"><lines><line number="3914" hits="0" branch="false"/><line number="3937" hits="0" branch="false"/><line number="3938" hits="0" branch="false"/><line number="3939" hits="0" branch="false"/><line number="3940" hits="0" branch="false"/><line number="3941" hits="0" branch="false"/></lines></method><method name="XXH3_len_17to128_64b" signature="()" line-rate="0.0" branch-rate="0.0" complexity="0.0"><lines><line number="3948" hits="0" branch="false"/><line number="3955" hits="0" branch="false"/><line number="3964" hits="0" branch="true" condition-coverage="0% (0/2)"><conditions><condition number="0" type="jump" coverage="0%"/></conditions></line><line number="3965" hits="0" branch="true" condition-coverage="0% (0/2)"><conditions><condition number="0" type="jump" coverage="0%"/></conditions></line><line number="3966" hits="0" branch="true" condition-coverage="0% (0/2)"><conditions><condition number="0" type="jump" coverage="0%"/></conditions></line><line number="3967" hits="0" branch="false"/><line number="3968" hits="0" branch="false"/><line number="3970" hits="0" branch="false"/><line number="3971" hits="0" branch="false"/><line number="3973" hits="0" branch="false"/><line number="3974" hits="0" branch="false"/><line number="3976" hits="0" branch="false"/><line number="3977" hits="0" branch="false"/><line number="3979" hits="0" branch="false"/></lines></method><method name="XXH3_len_129to240_64b" signature="()" line-rate="0.0" branch-rate="0.0" complexity="0.0"><lines><line number="3986" hits="0" branch="false"/><line number="3996" hits="0" branch="false"/><line number="3997" hits="0" branch="false"/><line number="3999" hits="0" branch="true" condition-coverage="0% (0/2)"><conditions><condition number="0" type="jump" coverage="0%"/></conditions></line><line number="4000" hits="0" branch="false"/><line number="4002" hits="0" branch="false"/><line number="4029" hits="0" branch="true" condition-coverage="0% (0/2)"><conditions><condition number="0" type="jump" coverage="0%"/></conditions></line><line number="4030" hits="0" branch="false"/><line number="4033" hits="0" branch="false"/><line number="4034" hits="0" branch="false"/></lines></method><method name="XXH_writeLE64" signature="()" line-rate="0.0" branch-rate="1.0" complexity="0.0"><lines><line number="4050" hits="0" branch="false"/><line number="4053" hits="0" branch="false"/><line number="4054" hits="0" branch="false"/></lines></method><method name="XXH3_accumulate_512_sse2" signature="()" line-rate="0.0" branch-rate="0.0" complexity="0.0"><lines><line number="4316" hits="0" branch="false"/><line number="4322" hits="0" branch="false"/><line number="4325" hits="0" branch="false"/><line number="4328" hits="0" branch="false"/><line number="4331" hits="0" branch="true" condition-coverage="0% (0/2)"><conditions><condition number="0" type="jump" coverage="0%"/></conditions></line><line number="4333" hits="0" branch="false"/><line number="4335" hits="0" branch="false"/><line number="4337" hits="0" branch="false"/><line number="4339" hits="0" branch="false"/><line number="4341" hits="0" branch="false"/><line number="4343" hits="0" branch="false"/><line number="4344" hits="0" branch="false"/><line number="4346" hits="0" branch="false"/><line number="4348" hits="0" branch="false"/></lines></method><method name="XXH3_scrambleAcc_sse2" signature="()" line-rate="0.0" branch-rate="0.0" complexity="0.0"><lines><line number="4351" hits="0" branch="false"/><line number="4354" hits="0" branch="false"/><line number="4357" hits="0" branch="false"/><line number="4358" hits="0" branch="false"/><line number="4361" hits="0" branch="true" condition-coverage="0% (0/2)"><conditions><condition number="0" type="jump" coverage="0%"/></conditions></line><line number="4363" hits="0" branch="false"/><line number="4364" hits="0" branch="false"/><line number="4365" hits="0" branch="false"/><line number="4367" hits="0" branch="false"/><line number="4368" hits="0" branch="false"/><line number="4371" hits="0" branch="false"/><line number="4372" hits="0" branch="false"/><line number="4373" hits="0" branch="false"/><line number="4374" hits="0" branch="false"/><line number="4377" hits="0" branch="false"/></lines></method><method name="XXH3_initCustomSecret_sse2" signature="()" line-rate="0.0" branch-rate="0.0" complexity="0.0"><lines><line number="4379" hits="0" branch="false"/><line number="4383" hits="0" branch="false"/><line number="4390" hits="0" branch="false"/><line number="4394" hits="0" branch="false"/><line number="4395" hits="0" branch="false"/><line number="4402" hits="0" branch="false"/><line number="4407" hits="0" branch="true" condition-coverage="0% (0/2)"><conditions><condition number="0" type="jump" coverage="0%"/></conditions></line><line number="4408" hits="0" branch="false"/><line number="4410" hits="0" branch="false"/></lines></method><method name="XXH3_scalarRound" signature="()" line-rate="0.0" branch-rate="1.0" complexity="0.0"><lines><line number="4619" hits="0" branch="false"/><line number="4624" hits="0" branch="false"/><line number="4625" hits="0" branch="false"/><line number="4626" hits="0" branch="false"/><line number="4630" hits="0" branch="false"/><line number="4631" hits="0" branch="false"/><line number="4632" hits="0" branch="false"/><line number="4633" hits="0" branch="false"/><line number="4635" hits="0" branch="false"/></lines></method><method name="XXH3_accumulate_512_scalar" signature="()" line-rate="0.0" branch-rate="0.0" complexity="0.0"><lines><line number="4642" hits="0" branch="false"/><line number="4654" hits="0" branch="true" condition-coverage="0% (0/2)"><conditions><condition number="0" type="jump" coverage="0%"/></conditions></line><line number="4655" hits="0" branch="false"/><line number="4657" hits="0" branch="false"/></lines></method><method name="XXH3_scalarScrambleRound" signature="()" line-rate="0.0" branch-rate="1.0" complexity="0.0"><lines><line number="4667" hits="0" branch="false"/><line number="4671" hits="0" branch="false"/><line number="4672" hits="0" branch="false"/><line number="4676" hits="0" branch="false"/><line number="4677" hits="0" branch="false"/><line number="4678" hits="0" branch="false"/><line number="4679" hits="0" branch="false"/><line number="4680" hits="0" branch="false"/><line number="4681" hits="0" branch="false"/><line number="4683" hits="0" branch="false"/></lines></method><method name="XXH3_scrambleAcc_scalar" signature="()" line-rate="0.0" branch-rate="0.0" complexity="0.0"><lines><line number="4690" hits="0" branch="false"/><line number="4693" hits="0" branch="true" condition-coverage="0% (0/2)"><conditions><condition number="0" type="jump" coverage="0%"/></conditions></line><line number="4694" hits="0" branch="false"/><line number="4696" hits="0" branch="false"/></lines></method><method name="XXH3_initCustomSecret_scalar" signature="()" line-rate="0.0" branch-rate="0.0" complexity="0.0"><lines><line number="4699" hits="0" branch="false"/><line number="4706" hits="0" branch="false"/><line number="4750" hits="0" branch="false"/><line number="4752" hits="0" branch="true" condition-coverage="0% (0/2)"><conditions><condition number="0" type="jump" coverage="0%"/></conditions></line><line number="4759" hits="0" branch="false"/><line number="4760" hits="0" branch="false"/><line number="4761" hits="0" branch="false"/><line number="4762" hits="0" branch="false"/><line number="4764" hits="0" branch="false"/></lines></method><method name="XXH3_accumulate" signature="()" line-rate="0.0" branch-rate="0.0" complexity="0.0"><lines><line number="4833" hits="0" branch="false"/><line number="4840" hits="0" branch="true" condition-coverage="0% (0/2)"><conditions><condition number="0" type="jump" coverage="0%"/></conditions></line><line number="4841" hits="0" branch="false"/><line number="4842" hits="0" branch="false"/><line number="4843" hits="0" branch="false"/><line number="4845" hits="0" branch="false"/><line number="4847" hits="0" branch="false"/></lines></method><method name="XXH3_hashLong_internal_loop" signature="()" line-rate="0.0" branch-rate="0.0" complexity="0.0"><lines><line number="4850" hits="0" branch="false"/><line number="4856" hits="0" branch="false"/><line number="4857" hits="0" branch="false"/><line number="4858" hits="0" branch="false"/><line number="4864" hits="0" branch="true" condition-coverage="0% (0/2)"><conditions><condition number="0" type="jump" coverage="0%"/></conditions></line><line number="4865" hits="0" branch="false"/><line number="4866" hits="0" branch="false"/><line number="4871" hits="0" branch="false"/><line number="4873" hits="0" branch="false"/><line number="4876" hits="0" branch="false"/><line number="4878" hits="0" branch="false"/><line number="4880" hits="0" branch="false"/></lines></method><method name="XXH3_mix2Accs" signature="()" line-rate="0.0" branch-rate="1.0" complexity="0.0"><lines><line number="4883" hits="0" branch="false"/><line number="4885" hits="0" branch="false"/><line number="4886" hits="0" branch="false"/><line number="4887" hits="0" branch="false"/></lines></method><method name="XXH3_mergeAccs" signature="()" line-rate="0.0" branch-rate="0.0" complexity="0.0"><lines><line number="4891" hits="0" branch="false"/><line number="4893" hits="0" branch="false"/><line number="4894" hits="0" branch="false"/><line number="4896" hits="0" branch="true" condition-coverage="0% (0/2)"><conditions><condition number="0" type="jump" coverage="0%"/></conditions></line><line number="4897" hits="0" branch="false"/><line number="4914" hits="0" branch="false"/></lines></method><method name="XXH3_hashLong_64b_internal" signature="()" line-rate="0.0" branch-rate="1.0" complexity="0.0"><lines><line number="4921" hits="0" branch="false"/><line number="4926" hits="0" branch="false"/><line number="4928" hits="0" branch="false"/><line number="4935" hits="0" branch="false"/></lines></method><method name="XXH3_hashLong_64b_withSecret" signature="()" line-rate="0.0" branch-rate="1.0" complexity="0.0"><lines><line number="4944" hits="0" branch="false"/><line number="4948" hits="0" branch="false"/></lines></method><method name="XXH3_hashLong_64b_default" signature="()" line-rate="0.0" branch-rate="1.0" complexity="0.0"><lines><line number="4958" hits="0" branch="false"/><line number="4962" hits="0" branch="false"/></lines></method><method name="XXH3_hashLong_64b_withSeed_internal" signature="()" line-rate="0.0" branch-rate="0.0" complexity="0.0"><lines><line number="4977" hits="0" branch="false"/><line number="4984" hits="0" branch="true" condition-coverage="0% (0/2)"><conditions><condition number="0" type="jump" coverage="0%"/></conditions></line><line number="4985" hits="0" branch="false"/><line number="4990" hits="0" branch="false"/><line number="4991" hits="0" branch="false"/></lines></method><method name="XXH3_hashLong_64b_withSeed" signature="()" line-rate="0.0" branch-rate="1.0" complexity="0.0"><lines><line number="5000" hits="0" branch="false"/><line number="5004" hits="0" branch="false"/></lines></method><method name="XXH3_64bits_internal" signature="()" line-rate="0.0" branch-rate="0.0" complexity="0.0"><lines><line number="5013" hits="0" branch="false"/><line number="5025" hits="0" branch="true" condition-coverage="0% (0/2)"><conditions><condition number="0" type="jump" coverage="0%"/></conditions></line><line number="5026" hits="0" branch="false"/><line number="5027" hits="0" branch="true" condition-coverage="0% (0/2)"><conditions><condition number="0" type="jump" coverage="0%"/></conditions></line><line number="5028" hits="0" branch="false"/><line number="5029" hits="0" branch="true" condition-coverage="0% (0/2)"><conditions><condition number="0" type="jump" coverage="0%"/></conditions></line><line number="5030" hits="0" branch="false"/><line number="5031" hits="0" branch="false"/></lines></method><method name="XXH_INLINE_XXH3_64bits" signature="()" line-rate="0.0" branch-rate="1.0" complexity="0.0"><lines><line number="5038" hits="0" branch="false"/><line number="5040" hits="0" branch="false"/></lines></method><method name="XXH_alignedMalloc" signature="()" line-rate="0.0" branch-rate="0.0" complexity="0.0"><lines><line number="5091" hits="0" branch="false"/><line number="5097" hits="0" branch="false"/><line number="5098" hits="0" branch="true" condition-coverage="0% (0/2)"><conditions><condition number="0" type="jump" coverage="0%"/></conditions></line><line number="5105" hits="0" branch="false"/><line number="5107" hits="0" branch="false"/><line number="5112" hits="0" branch="false"/><line number="5113" hits="0" branch="false"/><line number="5115" hits="0" branch="false"/></lines></method><method name="XXH_alignedFree" signature="()" line-rate="0.0" branch-rate="0.0" complexity="0.0"><lines><line number="5122" hits="0" branch="false"/><line number="5124" hits="0" branch="true" condition-coverage="0% (0/2)"><conditions><condition number="0" type="jump" coverage="0%"/></conditions></line><line number="5125" hits="0" branch="false"/><line number="5127" hits="0" branch="false"/><line number="5129" hits="0" branch="false"/><line number="5130" hits="0" branch="false"/><line number="5132" hits="0" branch="false"/></lines></method><method name="XXH3_reset_internal" signature="()" line-rate="0.0" branch-rate="1.0" complexity="0.0"><lines><line number="5157" hits="0" branch="false"/><line number="5161" hits="0" branch="false"/><line number="5162" hits="0" branch="false"/><line number="5166" hits="0" branch="false"/><line number="5167" hits="0" branch="false"/><line number="5168" hits="0" branch="false"/><line number="5169" hits="0" branch="false"/><line number="5170" hits="0" branch="false"/><line number="5171" hits="0" branch="false"/><line number="5172" hits="0" branch="false"/><line number="5173" hits="0" branch="false"/><line number="5174" hits="0" branch="false"/><line number="5175" hits="0" branch="false"/><line number="5176" hits="0" branch="false"/><line number="5177" hits="0" branch="false"/><line number="5179" hits="0" branch="false"/><line number="5180" hits="0" branch="false"/><line number="5181" hits="0" branch="false"/></lines></method><method name="XXH3_consumeStripes" signature="()" line-rate="0.0" branch-rate="0.0" complexity="0.0"><lines><line number="5231" hits="0" branch="false"/><line number="5240" hits="0" branch="true" condition-coverage="0% (0/2)"><conditions><condition number="0" type="jump" coverage="0%"/></conditions></line><line number="5242" hits="0" branch="false"/><line number="5243" hits="0" branch="false"/><line number="5244" hits="0" branch="false"/><line number="5245" hits="0" branch="false"/><line number="5246" hits="0" branch="false"/><line number="5247" hits="0" branch="false"/><line number="5249" hits="0" branch="false"/><line number="5250" hits="0" branch="false"/><line number="5252" hits="0" branch="false"/></lines></method><method name="XXH3_update" signature="()" line-rate="0.0" branch-rate="0.0" complexity="0.0"><lines><line number="5263" hits="0" branch="false"/><line number="5268" hits="0" branch="true" condition-coverage="0% (0/2)"><conditions><condition number="0" type="jump" coverage="0%"/></conditions></line><line number="5270" hits="0" branch="false"/><line number="5274" hits="0" branch="false"/><line number="5275" hits="0" branch="true" condition-coverage="0% (0/2)"><conditions><condition number="0" type="jump" coverage="0%"/></conditions></line><line number="5281" hits="0" branch="false"/><line number="5285" hits="0" branch="false"/><line number="5289" hits="0" branch="true" condition-coverage="0% (0/2)"><conditions><condition number="0" type="jump" coverage="0%"/></conditions></line><line number="5290" hits="0" branch="false"/><line number="5291" hits="0" branch="false"/><line number="5292" hits="0" branch="false"/><line number="5303" hits="0" branch="true" condition-coverage="0% (0/2)"><conditions><condition number="0" type="jump" coverage="0%"/></conditions></line><line number="5304" hits="0" branch="false"/><line number="5305" hits="0" branch="false"/><line number="5306" hits="0" branch="false"/><line number="5307" hits="0" branch="false"/><line number="5309" hits="0" branch="false"/><line number="5312" hits="0" branch="false"/><line number="5317" hits="0" branch="true" condition-coverage="0% (0/2)"><conditions><condition number="0" type="jump" coverage="0%"/></conditions></line><line number="5318" hits="0" branch="false"/><line number="5321" hits="0" branch="false"/><line number="5323" hits="0" branch="false"/><line number="5324" hits="0" branch="false"/><line number="5325" hits="0" branch="false"/><line number="5326" hits="0" branch="false"/><line number="5327" hits="0" branch="false"/><line number="5330" hits="0" branch="true" condition-coverage="0% (0/2)"><conditions><condition number="0" type="jump" coverage="0%"/></conditions></line><line number="5331" hits="0" branch="false"/><line number="5332" hits="0" branch="false"/><line number="5333" hits="0" branch="false"/><line number="5334" hits="0" branch="false"/><line number="5337" hits="0" branch="false"/><line number="5338" hits="0" branch="false"/><line number="5340" hits="0" branch="false"/><line number="5342" hits="0" branch="false"/><line number="5347" hits="0" branch="true" condition-coverage="0% (0/2)"><conditions><condition number="0" type="jump" coverage="0%"/></conditions></line><line number="5348" hits="0" branch="false"/><line number="5350" hits="0" branch="false"/><line number="5355" hits="0" branch="false"/><line number="5356" hits="0" branch="true" condition-coverage="0% (0/2)"><conditions><condition number="0" type="jump" coverage="0%"/></conditions></line><line number="5358" hits="0" branch="false"/><line number="5366" hits="0" branch="false"/><line number="5367" hits="0" branch="false"/><line number="5370" hits="0" branch="false"/><line number="5374" hits="0" branch="false"/></lines></method><method name="XXH3_digest_long" signature="()" line-rate="0.0" branch-rate="0.0" complexity="0.0"><lines><line number="5387" hits="0" branch="false"/><line number="5395" hits="0" branch="false"/><line number="5396" hits="0" branch="true" condition-coverage="0% (0/2)"><conditions><condition number="0" type="jump" coverage="0%"/></conditions></line><line number="5397" hits="0" branch="false"/><line number="5398" hits="0" branch="false"/><line number="5399" hits="0" branch="false"/><line number="5400" hits="0" branch="false"/><line number="5401" hits="0" branch="false"/><line number="5402" hits="0" branch="false"/><line number="5405" hits="0" branch="false"/><line number="5406" hits="0" branch="false"/><line number="5407" hits="0" branch="false"/><line number="5410" hits="0" branch="false"/><line number="5412" hits="0" branch="false"/><line number="5413" hits="0" branch="false"/><line number="5414" hits="0" branch="false"/><line number="5416" hits="0" branch="false"/><line number="5418" hits="0" branch="false"/></lines></method><method name="XXH3_len_1to3_128b" signature="()" line-rate="0.0" branch-rate="1.0" complexity="0.0"><lines><line number="5458" hits="0" branch="false"/><line number="5469" hits="0" branch="false"/><line number="5470" hits="0" branch="false"/><line number="5471" hits="0" branch="false"/><line number="5472" hits="0" branch="false"/><line number="5473" hits="0" branch="false"/><line number="5474" hits="0" branch="false"/><line number="5475" hits="0" branch="false"/><line number="5476" hits="0" branch="false"/><line number="5477" hits="0" branch="false"/><line number="5478" hits="0" branch="false"/><line number="5480" hits="0" branch="false"/><line number="5481" hits="0" branch="false"/><line number="5482" hits="0" branch="false"/></lines></method><method name="XXH3_len_4to8_128b" signature="()" line-rate="0.0" branch-rate="1.0" complexity="0.0"><lines><line number="5487" hits="0" branch="false"/><line number="5492" hits="0" branch="false"/><line number="5493" hits="0" branch="false"/><line number="5494" hits="0" branch="false"/><line number="5495" hits="0" branch="false"/><line number="5496" hits="0" branch="false"/><line number="5497" hits="0" branch="false"/><line number="5500" hits="0" branch="false"/><line number="5502" hits="0" branch="false"/><line number="5503" hits="0" branch="false"/><line number="5505" hits="0" branch="false"/><line number="5506" hits="0" branch="false"/><line number="5507" hits="0" branch="false"/><line number="5508" hits="0" branch="false"/><line number="5509" hits="0" branch="false"/></lines></method><method name="XXH3_len_9to16_128b" signature="()" line-rate="0.0" branch-rate="1.0" complexity="0.0"><lines><line number="5514" hits="0" branch="false"/><line number="5519" hits="0" branch="false"/><line number="5520" hits="0" branch="false"/><line number="5521" hits="0" branch="false"/><line number="5522" hits="0" branch="false"/><line number="5523" hits="0" branch="false"/><line number="5528" hits="0" branch="false"/><line number="5529" hits="0" branch="false"/><line number="5570" hits="0" branch="false"/><line number="5573" hits="0" branch="false"/><line number="5576" hits="0" branch="false"/><line number="5577" hits="0" branch="false"/><line number="5579" hits="0" branch="false"/><line number="5580" hits="0" branch="false"/><line number="5581" hits="0" branch="false"/></lines></method><method name="XXH3_len_0to16_128b" signature="()" line-rate="0.0" branch-rate="0.0" complexity="0.0"><lines><line number="5589" hits="0" branch="false"/><line number="5592" hits="0" branch="true" condition-coverage="0% (0/2)"><conditions><condition number="0" type="jump" coverage="0%"/></conditions></line><line number="5593" hits="0" branch="true" condition-coverage="0% (0/2)"><conditions><condition number="0" type="jump" coverage="0%"/></conditions></line><line number="5594" hits="0" branch="true" condition-coverage="0% (0/2)"><conditions><condition number="0" type="jump" coverage="0%"/></conditions></line><line number="5596" hits="0" branch="false"/><line number="5597" hits="0" branch="false"/><line number="5598" hits="0" branch="false"/><line number="5599" hits="0" branch="false"/><line number="5600" hits="0" branch="false"/></lines></method><method name="XXH128_mix32B" signature="()" line-rate="0.0" branch-rate="1.0" complexity="0.0"><lines><line number="5608" hits="0" branch="false"/><line number="5611" hits="0" branch="false"/><line number="5612" hits="0" branch="false"/><line number="5613" hits="0" branch="false"/><line number="5614" hits="0" branch="false"/><line number="5615" hits="0" branch="false"/></lines></method><method name="XXH3_len_17to128_128b" signature="()" line-rate="0.0" branch-rate="0.0" complexity="0.0"><lines><line number="5620" hits="0" branch="false"/><line number="5628" hits="0" branch="false"/><line number="5629" hits="0" branch="false"/><line number="5640" hits="0" branch="true" condition-coverage="0% (0/2)"><conditions><condition number="0" type="jump" coverage="0%"/></conditions></line><line number="5641" hits="0" branch="true" condition-coverage="0% (0/2)"><conditions><condition number="0" type="jump" coverage="0%"/></conditions></line><line number="5642" hits="0" branch="true" condition-coverage="0% (0/2)"><conditions><condition number="0" type="jump" coverage="0%"/></conditions></line><line number="5643" hits="0" branch="false"/><line number="5645" hits="0" branch="false"/><line number="5647" hits="0" branch="false"/><line number="5649" hits="0" branch="false"/><line number="5652" hits="0" branch="false"/><line number="5653" hits="0" branch="false"/><line number="5654" hits="0" branch="false"/><line number="5655" hits="0" branch="false"/><line number="5656" hits="0" branch="false"/><line number="5657" hits="0" branch="false"/><line number="5658" hits="0" branch="false"/></lines></method><method name="XXH3_len_129to240_128b" signature="()" line-rate="0.0" branch-rate="0.0" complexity="0.0"><lines><line number="5664" hits="0" branch="false"/><line number="5672" hits="0" branch="false"/><line number="5674" hits="0" branch="false"/><line number="5675" hits="0" branch="false"/><line number="5676" hits="0" branch="true" condition-coverage="0% (0/2)"><conditions><condition number="0" type="jump" coverage="0%"/></conditions></line><line number="5677" hits="0" branch="false"/><line number="5678" hits="0" branch="false"/><line number="5679" hits="0" branch="false"/><line number="5680" hits="0" branch="false"/><line number="5683" hits="0" branch="false"/><line number="5684" hits="0" branch="false"/><line number="5686" hits="0" branch="true" condition-coverage="0% (0/2)"><conditions><condition number="0" type="jump" coverage="0%"/></conditions></line><line number="5687" hits="0" branch="false"/><line number="5688" hits="0" branch="false"/><line number="5689" hits="0" branch="false"/><line number="5690" hits="0" branch="false"/><line number="5694" hits="0" branch="false"/><line number="5695" hits="0" branch="false"/><line number="5696" hits="0" branch="false"/><line number="5698" hits="0" branch="false"/><line number="5701" hits="0" branch="false"/><line number="5702" hits="0" branch="false"/><line number="5703" hits="0" branch="false"/><line number="5704" hits="0" branch="false"/><line number="5705" hits="0" branch="false"/><line number="5706" hits="0" branch="false"/><line number="5707" hits="0" branch="false"/></lines></method><method name="XXH3_hashLong_128b_internal" signature="()" line-rate="0.0" branch-rate="1.0" complexity="0.0"><lines><line number="5713" hits="0" branch="false"/><line number="5718" hits="0" branch="false"/><line number="5720" hits="0" branch="false"/><line number="5726" hits="0" branch="false"/><line number="5728" hits="0" branch="false"/><line number="5729" hits="0" branch="false"/><line number="5731" hits="0" branch="false"/><line number="5732" hits="0" branch="false"/><line number="5733" hits="0" branch="false"/></lines></method><method name="XXH3_hashLong_128b_default" signature="()" line-rate="0.0" branch-rate="1.0" complexity="0.0"><lines><line number="5741" hits="0" branch="false"/><line number="5746" hits="0" branch="false"/></lines></method><method name="XXH3_hashLong_128b_withSecret" signature="()" line-rate="0.0" branch-rate="1.0" complexity="0.0"><lines><line number="5755" hits="0" branch="false"/><line number="5760" hits="0" branch="false"/></lines></method><method name="XXH3_hashLong_128b_withSeed_internal" signature="()" line-rate="0.0" branch-rate="0.0" complexity="0.0"><lines><line number="5765" hits="0" branch="false"/><line number="5771" hits="0" branch="true" condition-coverage="0% (0/2)"><conditions><condition number="0" type="jump" coverage="0%"/></conditions></line><line number="5772" hits="0" branch="false"/><line number="5776" hits="0" branch="false"/><line number="5777" hits="0" branch="false"/></lines></method><method name="XXH3_hashLong_128b_withSeed" signature="()" line-rate="0.0" branch-rate="1.0" complexity="0.0"><lines><line number="5786" hits="0" branch="false"/><line number="5790" hits="0" branch="false"/></lines></method><method name="XXH3_128bits_internal" signature="()" line-rate="0.0" branch-rate="0.0" complexity="0.0"><lines><line number="5798" hits="0" branch="false"/><line number="5809" hits="0" branch="true" condition-coverage="0% (0/2)"><conditions><condition number="0" type="jump" coverage="0%"/></conditions></line><line number="5810" hits="0" branch="false"/><line number="5811" hits="0" branch="true" condition-coverage="0% (0/2)"><conditions><condition number="0" type="jump" coverage="0%"/></conditions></line><line number="5812" hits="0" branch="false"/><line number="5813" hits="0" branch="true" condition-coverage="0% (0/2)"><conditions><condition number="0" type="jump" coverage="0%"/></conditions></line><line number="5814" hits="0" branch="false"/><line number="5815" hits="0" branch="false"/></lines></method><method name="XXH3_combine16" signature="()" line-rate="0.0" branch-rate="1.0" complexity="0.0"><lines><line number="5993" hits="0" branch="false"/><line number="5995" hits="0" branch="false"/><line number="5996" hits="0" branch="false"/><line number="5997" hits="0" branch="false"/></lines></method></methods><lines><line number="1727" hits="0" branch="false"/><line number="1733" hits="0" branch="false"/><line number="1743" hits="0" branch="false"/><line number="1745" hits="0" branch="false"/><line number="1939" hits="0" branch="false"/><line number="1942" hits="0" branch="false"/><line number="2113" hits="0" branch="false"/><line number="2115" hits="0" branch="false"/><line number="2118" hits="0" branch="false"/><line number="2120" hits="0" branch="false"/><line number="2125" hits="0" branch="false"/><line number="2127" hits="0" branch="true" condition-coverage="0% (0/2)"><conditions><condition number="0" type="jump" coverage="0%"/></conditions></line><line number="2128" hits="0" branch="false"/><line number="2130" hits="0" branch="false"/><line number="2179" hits="0" branch="false"/><line number="2181" hits="0" branch="false"/><line number="2182" hits="0" branch="false"/><line number="2183" hits="0" branch="false"/><line number="2220" hits="0" branch="false"/><line number="2233" hits="0" branch="false"/><line number="2235" hits="0" branch="false"/><line number="2236" hits="0" branch="false"/><line number="2237" hits="0" branch="false"/><line number="2238" hits="0" branch="false"/><line number="2239" hits="0" branch="false"/><line number="2240" hits="0" branch="false"/><line number="2261" hits="0" branch="false"/><line number="2278" hits="0" branch="false"/><line number="2279" hits="0" branch="true" condition-coverage="0% (0/2)"><conditions><condition number="0" type="jump" coverage="0%"/></conditions></line><line number="2280" hits="0" branch="false"/><line number="2281" hits="0" branch="false"/><line number="2283" hits="0" branch="true" condition-coverage="0% (0/2)"><conditions><condition number="0" type="jump" coverage="0%"/></conditions></line><line number="2284" hits="0" branch="false"/><line number="2285" hits="0" branch="false"/><line number="2287" hits="0" branch="false"/><line number="2350" hits="0" branch="false"/><line number="2356" hits="0" branch="true" condition-coverage="0% (0/2)"><conditions><condition number="0" type="jump" coverage="0%"/></conditions></line><line number="2357" hits="0" branch="false"/><line number="2358" hits="0" branch="false"/><line number="2359" hits="0" branch="false"/><line number="2360" hits="0" branch="false"/><line number="2361" hits="0" branch="false"/><line number="2362" hits="0" branch="false"/><line number="2365" hits="0" branch="false"/><line number="2366" hits="0" branch="false"/><line number="2367" hits="0" branch="false"/><line number="2368" hits="0" branch="false"/><line number="2369" hits="0" branch="true" condition-coverage="0% (0/2)"><conditions><condition number="0" type="jump" coverage="0%"/></conditions></line><line number="2371" hits="0" branch="false"/><line number="2372" hits="0" branch="false"/><line number="2374" hits="0" branch="false"/><line number="2377" hits="0" branch="false"/><line number="2379" hits="0" branch="false"/><line number="2583" hits="0" branch="false"/><line number="2586" hits="0" branch="false"/><line number="2653" hits="0" branch="false"/><line number="2655" hits="0" branch="false"/><line number="2658" hits="0" branch="false"/><line number="2660" hits="0" branch="false"/><line number="2665" hits="0" branch="false"/><line number="2667" hits="0" branch="true" condition-coverage="0% (0/2)"><conditions><condition number="0" type="jump" coverage="0%"/></conditions></line><line number="2668" hits="0" branch="false"/><line number="2670" hits="0" branch="false"/><line number="2699" hits="0" branch="false"/><line number="2701" hits="0" branch="false"/><line number="2702" hits="0" branch="false"/><line number="2703" hits="0" branch="false"/><line number="2704" hits="0" branch="false"/><line number="2707" hits="0" branch="false"/><line number="2709" hits="0" branch="false"/><line number="2710" hits="0" branch="false"/><line number="2711" hits="0" branch="false"/><line number="2712" hits="0" branch="false"/><line number="2716" hits="0" branch="false"/><line number="2718" hits="0" branch="false"/><line number="2719" hits="0" branch="false"/><line number="2720" hits="0" branch="false"/><line number="2721" hits="0" branch="false"/><line number="2722" hits="0" branch="false"/><line number="2723" hits="0" branch="false"/><line number="2745" hits="0" branch="false"/><line number="2748" hits="0" branch="false"/><line number="2749" hits="0" branch="true" condition-coverage="0% (0/2)"><conditions><condition number="0" type="jump" coverage="0%"/></conditions></line><line number="2750" hits="0" branch="false"/><line number="2751" hits="0" branch="false"/><line number="2752" hits="0" branch="false"/><line number="2753" hits="0" branch="false"/><line number="2754" hits="0" branch="false"/><line number="2756" hits="0" branch="true" condition-coverage="0% (0/2)"><conditions><condition number="0" type="jump" coverage="0%"/></conditions></line><line number="2757" hits="0" branch="false"/><line number="2758" hits="0" branch="false"/><line number="2759" hits="0" branch="false"/><line number="2760" hits="0" branch="false"/><line number="2762" hits="0" branch="true" condition-coverage="0% (0/2)"><conditions><condition number="0" type="jump" coverage="0%"/></conditions></line><line number="2763" hits="0" branch="false"/><line number="2764" hits="0" branch="false"/><line number="2765" hits="0" branch="false"/><line number="2767" hits="0" branch="false"/><line number="2789" hits="0" branch="false"/><line number="2794" hits="0" branch="true" condition-coverage="0% (0/2)"><conditions><condition number="0" type="jump" coverage="0%"/></conditions></line><line number="2795" hits="0" branch="false"/><line number="2796" hits="0" branch="false"/><line number="2797" hits="0" branch="false"/><line number="2798" hits="0" branch="false"/><line number="2799" hits="0" branch="false"/><line number="2800" hits="0" branch="false"/><line number="2803" hits="0" branch="false"/><line number="2804" hits="0" branch="false"/><line number="2805" hits="0" branch="false"/><line number="2806" hits="0" branch="false"/><line number="2807" hits="0" branch="true" condition-coverage="0% (0/2)"><conditions><condition number="0" type="jump" coverage="0%"/></conditions></line><line number="2809" hits="0" branch="false"/><line number="2810" hits="0" branch="false"/><line number="2811" hits="0" branch="false"/><line number="2812" hits="0" branch="false"/><line number="2813" hits="0" branch="false"/><line number="2816" hits="0" branch="false"/><line number="2819" hits="0" branch="false"/><line number="2821" hits="0" branch="false"/><line number="3614" hits="0" branch="false"/><line number="3635" hits="0" branch="false"/><line number="3637" hits="0" branch="false"/><line number="3638" hits="0" branch="false"/><line number="3639" hits="0" branch="false"/><line number="3748" hits="0" branch="false"/><line number="3750" hits="0" branch="false"/><line number="3751" hits="0" branch="false"/><line number="3755" hits="0" branch="false"/><line number="3758" hits="0" branch="false"/><line number="3765" hits="0" branch="false"/><line number="3767" hits="0" branch="false"/><line number="3768" hits="0" branch="false"/><line number="3769" hits="0" branch="false"/><line number="3770" hits="0" branch="false"/><line number="3778" hits="0" branch="false"/><line number="3781" hits="0" branch="false"/><line number="3782" hits="0" branch="false"/><line number="3783" hits="0" branch="false"/><line number="3784" hits="0" branch="false"/><line number="3785" hits="0" branch="false"/><line number="3823" hits="0" branch="false"/><line number="3833" hits="0" branch="false"/><line number="3834" hits="0" branch="false"/><line number="3835" hits="0" branch="false"/><line number="3836" hits="0" branch="false"/><line number="3837" hits="0" branch="false"/><line number="3838" hits="0" branch="false"/><line number="3839" hits="0" branch="false"/><line number="3840" hits="0" branch="false"/><line number="3845" hits="0" branch="false"/><line number="3850" hits="0" branch="false"/><line number="3851" hits="0" branch="false"/><line number="3852" hits="0" branch="false"/><line number="3853" hits="0" branch="false"/><line number="3854" hits="0" branch="false"/><line number="3855" hits="0" branch="false"/><line number="3856" hits="0" branch="false"/><line number="3861" hits="0" branch="false"/><line number="3866" hits="0" branch="false"/><line number="3867" hits="0" branch="false"/><line number="3868" hits="0" branch="false"/><line number="3869" hits="0" branch="false"/><line number="3870" hits="0" branch="false"/><line number="3871" hits="0" branch="false"/><line number="3872" hits="0" branch="false"/><line number="3873" hits="0" branch="false"/><line number="3878" hits="0" branch="false"/><line number="3881" hits="0" branch="true" condition-coverage="0% (0/2)"><conditions><condition number="0" type="jump" coverage="0%"/></conditions></line><line number="3882" hits="0" branch="true" condition-coverage="0% (0/2)"><conditions><condition number="0" type="jump" coverage="0%"/></conditions></line><line number="3883" hits="0" branch="true" condition-coverage="0% (0/2)"><conditions><condition number="0" type="jump" coverage="0%"/></conditions></line><line number="3884" hits="0" branch="false"/><line number="3914" hits="0" branch="false"/><line number="3937" hits="0" branch="false"/><line number="3938" hits="0" branch="false"/><line number="3939" hits="0" branch="false"/><line number="3940" hits="0" branch="false"/><line number="3941" hits="0" branch="false"/><line number="3948" hits="0" branch="false"/><line number="3955" hits="0" branch="false"/><line number="3964" hits="0" branch="true" condition-coverage="0% (0/2)"><conditions><condition number="0" type="jump" coverage="0%"/></conditions></line><line number="3965" hits="0" branch="true" condition-coverage="0% (0/2)"><conditions><condition number="0" type="jump" coverage="0%"/></conditions></line><line number="3966" hits="0" branch="true" condition-coverage="0% (0/2)"><conditions><condition number="0" type="jump" coverage="0%"/></conditions></line><line number="3967" hits="0" branch="false"/><line number="3968" hits="0" branch="false"/><line number="3970" hits="0" branch="false"/><line number="3971" hits="0" branch="false"/><line number="3973" hits="0" branch="false"/><line number="3974" hits="0" branch="false"/><line number="3976" hits="0" branch="false"/><line number="3977" hits="0" branch="false"/><line number="3979" hits="0" branch="false"/><line number="3986" hits="0" branch="false"/><line number="3996" hits="0" branch="false"/><line number="3997" hits="0" branch="false"/><line number="3999" hits="0" branch="true" condition-coverage="0% (0/2)"><conditions><condition number="0" type="jump" coverage="0%"/></conditions></line><line number="4000" hits="0" branch="false"/><line number="4002" hits="0" branch="false"/><line number="4029" hits="0" branch="true" condition-coverage="0% (0/2)"><conditions><condition number="0" type="jump" coverage="0%"/></conditions></line><line number="4030" hits="0" branch="false"/><line number="4033" hits="0" branch="false"/><line number="4034" hits="0" branch="false"/><line number="4050" hits="0" branch="false"/><line number="4053" hits="0" branch="false"/><line number="4054" hits="0" branch="false"/><line number="4316" hits="0" branch="false"/><line number="4322" hits="0" branch="false"/><line number="4325" hits="0" branch="false"/><line number="4328" hits="0" branch="false"/><line number="4331" hits="0" branch="true" condition-coverage="0% (0/2)"><conditions><condition number="0" type="jump" coverage="0%"/></conditions></line><line number="4333" hits="0" branch="false"/><line number="4335" hits="0" branch="false"/><line number="4337" hits="0" branch="false"/><line number="4339" hits="0" branch="false"/><line number="4341" hits="0" branch="false"/><line number="4343" hits="0" branch="false"/><line number="4344" hits="0" branch="false"/><line number="4346" hits="0" branch="false"/><line number="4348" hits="0" branch="false"/><line number="4351" hits="0" branch="false"/><line number="4354" hits="0" branch="false"/><line number="4357" hits="0" branch="false"/><line number="4358" hits="0" branch="false"/><line number="4361" hits="0" branch="true" condition-coverage="0% (0/2)"><conditions><condition number="0" type="jump" coverage="0%"/></conditions></line><line number="4363" hits="0" branch="false"/><line number="4364" hits="0" branch="false"/><line number="4365" hits="0" branch="false"/><line number="4367" hits="0" branch="false"/><line number="4368" hits="0" branch="false"/><line number="4371" hits="0" branch="false"/><line number="4372" hits="0" branch="false"/><line number="4373" hits="0" branch="false"/><line number="4374" hits="0" branch="false"/><line number="4377" hits="0" branch="false"/><line number="4379" hits="0" branch="false"/><line number="4383" hits="0" branch="false"/><line number="4390" hits="0" branch="false"/><line number="4394" hits="0" branch="false"/><line number="4395" hits="0" branch="false"/><line number="4402" hits="0" branch="false"/><line number="4407" hits="0" branch="true" condition-coverage="0% (0/2)"><conditions><condition number="0" type="jump" coverage="0%"/></conditions></line><line number="4408" hits="0" branch="false"/><line number="4410" hits="0" branch="false"/><line number="4619" hits="0" branch="false"/><line number="4624" hits="0" branch="false"/><line number="4625" hits="0" branch="false"/><line number="4626" hits="0" branch="false"/><line number="4630" hits="0" branch="false"/><line number="4631" hits="0" branch="false"/><line number="4632" hits="0" branch="false"/><line number="4633" hits="0" branch="false"/><line number="4635" hits="0" branch="false"/><line number="4642" hits="0" branch="false"/><line number="4654" hits="0" branch="true" condition-coverage="0% (0/2)"><conditions><condition number="0" type="jump" coverage="0%"/></conditions></line><line number="4655" hits="0" branch="false"/><line number="4657" hits="0" branch="false"/><line number="4667" hits="0" branch="false"/><line number="4671" hits="0" branch="false"/><line number="4672" hits="0" branch="false"/><line number="4676" hits="0" branch="false"/><line number="4677" hits="0" branch="false"/><line number="4678" hits="0" branch="false"/><line number="4679" hits="0" branch="false"/><line number="4680" hits="0" branch="false"/><line number="4681" hits="0" branch="false"/><line number="4683" hits="0" branch="false"/><line number="4690" hits="0" branch="false"/><line number="4693" hits="0" branch="true" condition-coverage="0% (0/2)"><conditions><condition number="0" type="jump" coverage="0%"/></conditions></line><line number="4694" hits="0" branch="false"/><line number="4696" hits="0" branch="false"/><line number="4699" hits="0" branch="false"/><line number="4706" hits="0" branch="false"/><line number="4750" hits="0" branch="false"/><line number="4752" hits="0" branch="true" condition-coverage="0% (0/2)"><conditions><condition number="0" type="jump" coverage="0%"/></conditions></line><line number="4759" hits="0" branch="false"/><line number="4760" hits="0" branch="false"/><line number="4761" hits="0" branch="false"/><line number="4762" hits="0" branch="false"/><line number="4764" hits="0" branch="false"/><line number="4833" hits="0" branch="false"/><line number="4840" hits="0" branch="true" condition-coverage="0% (0/2)"><conditions><condition number="0" type="jump" coverage="0%"/></conditions></line><line number="4841" hits="0" branch="false"/><line number="4842" hits="0" branch="false"/><line number="4843" hits="0" branch="false"/><line number="4845" hits="0" branch="false"/><line number="4847" hits="0" branch="false"/><line number="4850" hits="0" branch="false"/><line number="4856" hits="0" branch="false"/><line number="4857" hits="0" branch="false"/><line number="4858" hits="0" branch="false"/><line number="4864" hits="0" branch="true" condition-coverage="0% (0/2)"><conditions><condition number="0" type="jump" coverage="0%"/></conditions></line><line number="4865" hits="0" branch="false"/><line number="4866" hits="0" branch="false"/><line number="4871" hits="0" branch="false"/><line number="4873" hits="0" branch="false"/><line number="4876" hits="0" branch="false"/><line number="4878" hits="0" branch="false"/><line number="4880" hits="0" branch="false"/><line number="4883" hits="0" branch="false"/><line number="4885" hits="0" branch="false"/><line number="4886" hits="0" branch="false"/><line number="4887" hits="0" branch="false"/><line number="4891" hits="0" branch="false"/><line number="4893" hits="0" branch="false"/><line number="4894" hits="0" branch="false"/><line number="4896" hits="0" branch="true" condition-coverage="0% (0/2)"><conditions><condition number="0" type="jump" coverage="0%"/></conditions></line><line number="4897" hits="0" branch="false"/><line number="4914" hits="0" branch="false"/><line number="4921" hits="0" branch="false"/><line number="4926" hits="0" branch="false"/><line number="4928" hits="0" branch="false"/><line number="4935" hits="0" branch="false"/><line number="4944" hits="0" branch="false"/><line number="4948" hits="0" branch="false"/><line number="4958" hits="0" branch="false"/><line number="4962" hits="0" branch="false"/><line number="4977" hits="0" branch="false"/><line number="4984" hits="0" branch="true" condition-coverage="0% (0/2)"><conditions><condition number="0" type="jump" coverage="0%"/></conditions></line><line number="4985" hits="0" branch="false"/><line number="4990" hits="0" branch="false"/><line number="4991" hits="0" branch="false"/><line number="5000" hits="0" branch="false"/><line number="5004" hits="0" branch="false"/><line number="5013" hits="0" branch="false"/><line number="5025" hits="0" branch="true" condition-coverage="0% (0/2)"><conditions><condition number="0" type="jump" coverage="0%"/></conditions></line><line number="5026" hits="0" branch="false"/><line number="5027" hits="0" branch="true" condition-coverage="0% (0/2)"><conditions><condition number="0" type="jump" coverage="0%"/></conditions></line><line number="5028" hits="0" branch="false"/><line number="5029" hits="0" branch="true" condition-coverage="0% (0/2)"><conditions><condition number="0" type="jump" coverage="0%"/></conditions></line><line number="5030" hits="0" branch="false"/><line number="5031" hits="0" branch="false"/><line number="5038" hits="0" branch="false"/><line number="5040" hits="0" branch="false"/><line number="5091" hits="0" branch="false"/><line number="5097" hits="0" branch="false"/><line number="5098" hits="0" branch="true" condition-coverage="0% (0/2)"><conditions><condition number="0" type="jump" coverage="0%"/></conditions></line><line number="5105" hits="0" branch="false"/><line number="5107" hits="0" branch="false"/><line number="5112" hits="0" branch="false"/><line number="5113" hits="0" branch="false"/><line number="5115" hits="0" branch="false"/><line number="5122" hits="0" branch="false"/><line number="5124" hits="0" branch="true" condition-coverage="0% (0/2)"><conditions><condition number="0" type="jump" coverage="0%"/></conditions></line><line number="5125" hits="0" branch="false"/><line number="5127" hits="0" branch="false"/><line number="5129" hits="0" branch="false"/><line number="5130" hits="0" branch="false"/><line number="5132" hits="0" branch="false"/><line number="5157" hits="0" branch="false"/><line number="5161" hits="0" branch="false"/><line number="5162" hits="0" branch="false"/><line number="5166" hits="0" branch="false"/><line number="5167" hits="0" branch="false"/><line number="5168" hits="0" branch="false"/><line number="5169" hits="0" branch="false"/><line number="5170" hits="0" branch="false"/><line number="5171" hits="0" branch="false"/><line number="5172" hits="0" branch="false"/><line number="5173" hits="0" branch="false"/><line number="5174" hits="0" branch="false"/><line number="5175" hits="0" branch="false"/><line number="5176" hits="0" branch="false"/><line number="5177" hits="0" branch="false"/><line number="5179" hits="0" branch="false"/><line number="5180" hits="0" branch="false"/><line number="5181" hits="0" branch="false"/><line number="5231" hits="0" branch="false"/><line number="5240" hits="0" branch="true" condition-coverage="0% (0/2)"><conditions><condition number="0" type="jump" coverage="0%"/></conditions></line><line number="5242" hits="0" branch="false"/><line number="5243" hits="0" branch="false"/><line number="5244" hits="0" branch="false"/><line number="5245" hits="0" branch="false"/><line number="5246" hits="0" branch="false"/><line number="5247" hits="0" branch="false"/><line number="5249" hits="0" branch="false"/><line number="5250" hits="0" branch="false"/><line number="5252" hits="0" branch="false"/><line number="5263" hits="0" branch="false"/><line number="5268" hits="0" branch="true" condition-coverage="0% (0/2)"><conditions><condition number="0" type="jump" coverage="0%"/></conditions></line><line number="5270" hits="0" branch="false"/><line number="5274" hits="0" branch="false"/><line number="5275" hits="0" branch="true" condition-coverage="0% (0/2)"><conditions><condition number="0" type="jump" coverage="0%"/></conditions></line><line number="5281" hits="0" branch="false"/><line number="5285" hits="0" branch="false"/><line number="5289" hits="0" branch="true" condition-coverage="0% (0/2)"><conditions><condition number="0" type="jump" coverage="0%"/></conditions></line><line number="5290" hits="0" branch="false"/><line number="5291" hits="0" branch="false"/><line number="5292" hits="0" branch="false"/><line number="5303" hits="0" branch="true" condition-coverage="0% (0/2)"><conditions><condition number="0" type="jump" coverage="0%"/></conditions></line><line number="5304" hits="0" branch="false"/><line number="5305" hits="0" branch="false"/><line number="5306" hits="0" branch="false"/><line number="5307" hits="0" branch="false"/><line number="5309" hits="0" branch="false"/><line number="5312" hits="0" branch="false"/><line number="5317" hits="0" branch="true" condition-coverage="0% (0/2)"><conditions><condition number="0" type="jump" coverage="0%"/></conditions></line><line number="5318" hits="0" branch="false"/><line number="5321" hits="0" branch="false"/><line number="5323" hits="0" branch="false"/><line number="5324" hits="0" branch="false"/><line number="5325" hits="0" branch="false"/><line number="5326" hits="0" branch="false"/><line number="5327" hits="0" branch="false"/><line number="5330" hits="0" branch="true" condition-coverage="0% (0/2)"><conditions><condition number="0" type="jump" coverage="0%"/></conditions></line><line number="5331" hits="0" branch="false"/><line number="5332" hits="0" branch="false"/><line number="5333" hits="0" branch="false"/><line number="5334" hits="0" branch="false"/><line number="5337" hits="0" branch="false"/><line number="5338" hits="0" branch="false"/><line number="5340" hits="0" branch="false"/><line number="5342" hits="0" branch="false"/><line number="5347" hits="0" branch="true" condition-coverage="0% (0/2)"><conditions><condition number="0" type="jump" coverage="0%"/></conditions></line><line number="5348" hits="0" branch="false"/><line number="5350" hits="0" branch="false"/><line number="5355" hits="0" branch="false"/><line number="5356" hits="0" branch="true" condition-coverage="0% (0/2)"><conditions><condition number="0" type="jump" coverage="0%"/></conditions></line><line number="5358" hits="0" branch="false"/><line number="5366" hits="0" branch="false"/><line number="5367" hits="0" branch="false"/><line number="5370" hits="0" branch="false"/><line number="5374" hits="0" branch="false"/><line number="5387" hits="0" branch="false"/><line number="5395" hits="0" branch="false"/><line number="5396" hits="0" branch="true" condition-coverage="0% (0/2)"><conditions><condition number="0" type="jump" coverage="0%"/></conditions></line><line number="5397" hits="0" branch="false"/><line number="5398" hits="0" branch="false"/><line number="5399" hits="0" branch="false"/><line number="5400" hits="0" branch="false"/><line number="5401" hits="0" branch="false"/><line number="5402" hits="0" branch="false"/><line number="5405" hits="0" branch="false"/><line number="5406" hits="0" branch="false"/><line number="5407" hits="0" branch="false"/><line number="5410" hits="0" branch="false"/><line number="5412" hits="0" branch="false"/><line number="5413" hits="0" branch="false"/><line number="5414" hits="0" branch="false"/><line number="5416" hits="0" branch="false"/><line number="5418" hits="0" branch="false"/><line number="5458" hits="0" branch="false"/><line number="5469" hits="0" branch="false"/><line number="5470" hits="0" branch="false"/><line number="5471" hits="0" branch="false"/><line number="5472" hits="0" branch="false"/><line number="5473" hits="0" branch="false"/><line number="5474" hits="0" branch="false"/><line number="5475" hits="0" branch="false"/><line number="5476" hits="0" branch="false"/><line number="5477" hits="0" branch="false"/><line number="5478" hits="0" branch="false"/><line number="5480" hits="0" branch="false"/><line number="5481" hits="0" branch="false"/><line number="5482" hits="0" branch="false"/><line number="5487" hits="0" branch="false"/><line number="5492" hits="0" branch="false"/><line number="5493" hits="0" branch="false"/><line number="5494" hits="0" branch="false"/><line number="5495" hits="0" branch="false"/><line number="5496" hits="0" branch="false"/><line number="5497" hits="0" branch="false"/><line number="5500" hits="0" branch="false"/><line number="5502" hits="0" branch="false"/><line number="5503" hits="0" branch="false"/><line number="5505" hits="0" branch="false"/><line number="5506" hits="0" branch="false"/><line number="5507" hits="0" branch="false"/><line number="5508" hits="0" branch="false"/><line number="5509" hits="0" branch="false"/><line number="5514" hits="0" branch="false"/><line number="5519" hits="0" branch="false"/><line number="5520" hits="0" branch="false"/><line number="5521" hits="0" branch="false"/><line number="5522" hits="0" branch="false"/><line number="5523" hits="0" branch="false"/><line number="5528" hits="0" branch="false"/><line number="5529" hits="0" branch="false"/><line number="5570" hits="0" branch="false"/><line number="5573" hits="0" branch="false"/><line number="5576" hits="0" branch="false"/><line number="5577" hits="0" branch="false"/><line number="5579" hits="0" branch="false"/><line number="5580" hits="0" branch="false"/><line number="5581" hits="0" branch="false"/><line number="5589" hits="0" branch="false"/><line number="5592" hits="0" branch="true" condition-coverage="0% (0/2)"><conditions><condition number="0" type="jump" coverage="0%"/></conditions></line><line number="5593" hits="0" branch="true" condition-coverage="0% (0/2)"><conditions><condition number="0" type="jump" coverage="0%"/></conditions></line><line number="5594" hits="0" branch="true" condition-coverage="0% (0/2)"><conditions><condition number="0" type="jump" coverage="0%"/></conditions></line><line number="5596" hits="0" branch="false"/><line number="5597" hits="0" branch="false"/><line number="5598" hits="0" branch="false"/><line number="5599" hits="0" branch="false"/><line number="5600" hits="0" branch="false"/><line number="5608" hits="0" branch="false"/><line number="5611" hits="0" branch="false"/><line number="5612" hits="0" branch="false"/><line number="5613" hits="0" branch="false"/><line number="5614" hits="0" branch="false"/><line number="5615" hits="0" branch="false"/><line number="5620" hits="0" branch="false"/><line number="5628" hits="0" branch="false"/><line number="5629" hits="0" branch="false"/><line number="5640" hits="0" branch="true" condition-coverage="0% (0/2)"><conditions><condition number="0" type="jump" coverage="0%"/></conditions></line><line number="5641" hits="0" branch="true" condition-coverage="0% (0/2)"><conditions><condition number="0" type="jump" coverage="0%"/></conditions></line><line number="5642" hits="0" branch="true" condition-coverage="0% (0/2)"><conditions><condition number="0" type="jump" coverage="0%"/></conditions></line><line number="5643" hits="0" branch="false"/><line number="5645" hits="0" branch="false"/><line number="5647" hits="0" branch="false"/><line number="5649" hits="0" branch="false"/><line number="5652" hits="0" branch="false"/><line number="5653" hits="0" branch="false"/><line number="5654" hits="0" branch="false"/><line number="5655" hits="0" branch="false"/><line number="5656" hits="0" branch="false"/><line number="5657" hits="0" branch="false"/><line number="5658" hits="0" branch="false"/><line number="5664" hits="0" branch="false"/><line number="5672" hits="0" branch="false"/><line number="5674" hits="0" branch="false"/><line number="5675" hits="0" branch="false"/><line number="5676" hits="0" branch="true" condition-coverage="0% (0/2)"><conditions><condition number="0" type="jump" coverage="0%"/></conditions></line><line number="5677" hits="0" branch="false"/><line number="5678" hits="0" branch="false"/><line number="5679" hits="0" branch="false"/><line number="5680" hits="0" branch="false"/><line number="5683" hits="0" branch="false"/><line number="5684" hits="0" branch="false"/><line number="5686" hits="0" branch="true" condition-coverage="0% (0/2)"><conditions><condition number="0" type="jump" coverage="0%"/></conditions></line><line number="5687" hits="0" branch="false"/><line number="5688" hits="0" branch="false"/><line number="5689" hits="0" branch="false"/><line number="5690" hits="0" branch="false"/><line number="5694" hits="0" branch="false"/><line number="5695" hits="0" branch="false"/><line number="5696" hits="0" branch="false"/><line number="5698" hits="0" branch="false"/><line number="5701" hits="0" branch="false"/><line number="5702" hits="0" branch="false"/><line number="5703" hits="0" branch="false"/><line number="5704" hits="0" branch="false"/><line number="5705" hits="0" branch="false"/><line number="5706" hits="0" branch="false"/><line number="5707" hits="0" branch="false"/><line number="5713" hits="0" branch="false"/><line number="5718" hits="0" branch="false"/><line number="5720" hits="0" branch="false"/><line number="5726" hits="0" branch="false"/><line number="5728" hits="0" branch="false"/><line number="5729" hits="0" branch="false"/><line number="5731" hits="0" branch="false"/><line number="5732" hits="0" branch="false"/><line number="5733" hits="0" branch="false"/><line number="5741" hits="0" branch="false"/><line number="5746" hits="0" branch="false"/><line number="5755" hits="0" branch="false"/><line number="5760" hits="0" branch="false"/><line number="5765" hits="0" branch="false"/><line number="5771" hits="0" branch="true" condition-coverage="0% (0/2)"><conditions><condition number="0" type="jump" coverage="0%"/></conditions></line><line number="5772" hits="0" branch="false"/><line number="5776" hits="0" branch="false"/><line number="5777" hits="0" branch="false"/><line number="5786" hits="0" branch="false"/><line number="5790" hits="0" branch="false"/><line number="5798" hits="0" branch="false"/><line number="5809" hits="0" branch="true" condition-coverage="0% (0/2)"><conditions><condition number="0" type="jump" coverage="0%"/></conditions></line><line number="5810" hits="0" branch="false"/><line number="5811" hits="0" branch="true" condition-coverage="0% (0/2)"><conditions><condition number="0" type="jump" coverage="0%"/></conditions></line><line number="5812" hits="0" branch="false"/><line number="5813" hits="0" branch="true" condition-coverage="0% (0/2)"><conditions><condition number="0" type="jump" coverage="0%"/></conditions></line><line number="5814" hits="0" branch="false"/><line number="5815" hits="0" branch="false"/><line number="5993" hits="0" branch="false"/><line number="5995" hits="0" branch="false"/><line number="5996" hits="0" branch="false"/><line number="5997" hits="0" branch="false"/></lines></class></classes></package><package name="src" line-rate="0.0" branch-rate="0.0" complexity="0.0"><classes><class name="bytesize_c" filename="src/bytesize.c" line-rate="0.0" branch-rate="0.0" complexity="0.0"><methods><method name="bytesize" signature="()" line-rate="0.0" branch-rate="0.0" complexity="0.0"><lines><line number="19" hits="0" branch="false"/><line number="25" hits="0" branch="false"/><line number="26" hits="0" branch="true" condition-coverage="0% (0/4)"><conditions><condition number="0" type="jump" coverage="0%"/></conditions></line><line number="27" hits="0" branch="false"/><line number="29" hits="0" branch="true" condition-coverage="0% (0/4)"><conditions><condition number="0" type="jump" coverage="0%"/></conditions></line><line number="30" hits="0" branch="false"/><line number="32" hits="0" branch="false"/><line number="33" hits="0" branch="true" condition-coverage="0% (0/4)"><conditions><condition number="0" type="jump" coverage="0%"/></conditions></line><line number="34" hits="0" branch="false"/><line number="36" hits="0" branch="true" condition-coverage="0% (0/2)"><conditions><condition number="0" type="jump" coverage="0%"/></conditions></line><line number="37" hits="0" branch="false"/><line number="39" hits="0" branch="false"/><line number="40" hits="0" branch="true" condition-coverage="0% (0/2)"><conditions><condition number="0" type="jump" coverage="0%"/></conditions></line><line number="41" hits="0" branch="false"/><line number="43" hits="0" branch="false"/></lines></method><method name="sizerepr" signature="()" line-rate="0.0" branch-rate="0.0" complexity="0.0"><lines><line number="46" hits="0" branch="false"/><line number="49" hits="0" branch="false"/><line number="50" hits="0" branch="false"/><line number="52" hits="0" branch="true" condition-coverage="0% (0/4)"><conditions><condition number="0" type="jump" coverage="0%"/></conditions></line><line number="53" hits="0" branch="false"/><line number="54" hits="0" branch="false"/><line number="55" hits="0" branch="false"/><line number="57" hits="0" branch="false"/><line number="58" hits="0" branch="false"/><line number="59" hits="0" branch="false"/></lines></method></methods><lines><line number="19" hits="0" branch="false"/><line number="25" hits="0" branch="false"/><line number="26" hits="0" branch="true" condition-coverage="0% (0/4)"><conditions><condition number="0" type="jump" coverage="0%"/></conditions></line><line number="27" hits="0" branch="false"/><line number="29" hits="0" branch="true" condition-coverage="0% (0/4)"><conditions><condition number="0" type="jump" coverage="0%"/></conditions></line><line number="30" hits="0" branch="false"/><line number="32" hits="0" branch="false"/><line number="33" hits="0" branch="true" condition-coverage="0% (0/4)"><conditions><condition number="0" type="jump" coverage="0%"/></conditions></line><line number="34" hits="0" branch="false"/><line number="36" hits="0" branch="true" condition-coverage="0% (0/2)"><conditions><condition number="0" type="jump" coverage="0%"/></conditions></line><line number="37" hits="0" branch="false"/><line number="39" hits="0" branch="false"/><line number="40" hits="0" branch="true" condition-coverage="0% (0/2)"><conditions><condition number="0" type="jump" coverage="0%"/></conditions></line><line number="41" hits="0" branch="false"/><line number="43" hits="0" branch="false"/><line number="46" hits="0" branch="false"/><line number="49" hits="0" branch="false"/><line number="50" hits="0" branch="false"/><line number="52" hits="0" branch="true" condition-coverage="0% (0/4)"><conditions><condition number="0" type="jump" coverage="0%"/></conditions></line><line number="53" hits="0" branch="false"/><line number="54" hits="0" branch="false"/><line number="55" hits="0" branch="false"/><line number="57" hits="0" branch="false"/><line number="58" hits="0" branch="false"/><line number="59" hits="0" branch="false"/></lines></class><class name="chunk_c" filename="src/chunk.c" line-rate="0.0" branch-rate="0.0" complexity="0.0"><methods><method name="count_chunks" signature="()" line-rate="0.0" branch-rate="0.0" complexity="0.0"><lines><line number="15" hits="0" branch="false"/><line number="17" hits="0" branch="false"/><line number="21" hits="0" branch="false"/><line number="23" hits="0" branch="true" condition-coverage="0% (0/2)"><conditions><condition number="0" type="jump" coverage="0%"/></conditions></line><line number="24" hits="0" branch="false"/><line number="25" hits="0" branch="false"/></lines></method><method name="get_next_chunk" signature="()" line-rate="0.0" branch-rate="0.0" complexity="0.0"><lines><line number="34" hits="0" branch="false"/><line number="40" hits="0" branch="true" condition-coverage="0% (0/2)"><conditions><condition number="0" type="jump" coverage="0%"/></conditions></line><line number="42" hits="0" branch="false"/><line number="43" hits="0" branch="false"/><line number="47" hits="0" branch="true" condition-coverage="0% (0/2)"><conditions><condition number="0" type="jump" coverage="0%"/></conditions></line><line number="49" hits="0" branch="false"/><line number="50" hits="0" branch="false"/><line number="55" hits="0" branch="false"/><line number="56" hits="0" branch="false"/><line number="60" hits="0" branch="true" condition-coverage="0% (0/2)"><conditions><condition number="0" type="jump" coverage="0%"/></conditions></line><line number="62" hits="0" branch="false"/><line number="63" hits="0" branch="false"/><line number="68" hits="0" branch="false"/><line number="69" hits="0" branch="false"/><line number="70" hits="0" branch="true" condition-coverage="0% (0/2)"><conditions><condition number="0" type="jump" coverage="0%"/></conditions></line><line number="72" hits="0" branch="false"/><line number="73" hits="0" branch="false"/><line number="77" hits="0" branch="false"/><line number="78" hits="0" branch="false"/><line number="82" hits="0" branch="false"/><line number="83" hits="0" branch="false"/><line number="90" hits="0" branch="false"/></lines></method><method name="cleanout_chunk" signature="()" line-rate="0.0" branch-rate="0.0" complexity="0.0"><lines><line number="98" hits="0" branch="false"/><line number="106" hits="0" branch="false"/><line number="107" hits="0" branch="false"/><line number="108" hits="0" branch="false"/><line number="109" hits="0" branch="false"/><line number="110" hits="0" branch="true" condition-coverage="0% (0/2)"><conditions><condition number="0" type="jump" coverage="0%"/></conditions></line><line number="112" hits="0" branch="false"/><line number="113" hits="0" branch="
[...]
><condition number="0" type="jump" coverage="0%"/></conditions></line><line number="421" hits="0" branch="false"/><line number="424" hits="0" branch="false"/><line number="425" hits="0" branch="false"/><line number="426" hits="0" branch="false"/><line number="427" hits="0" branch="false"/><line number="429" hits="0" branch="false"/></lines></method><method name="jobqueue_push" signature="()" line-rate="0.0" branch-rate="0.0" complexity="0.0"><lines><line number="434" hits="0" branch="false"/><line number="436" hits="0" branch="false"/><line number="437" hits="0" branch="false"/><line number="439" hits="0" branch="true" condition-coverage="0% (0/2)"><conditions><condition number="0" type="jump" coverage="0%"/></conditions></line><line number="441" hits="0" branch="false"/><line number="442" hits="0" branch="false"/><line number="443" hits="0" branch="false"/><line number="444" hits="0" branch="false"/><line number="446" hits="0" branch="false"/><line number="447" hits="0" branch="false"/><line number="448" hits="0" branch="false"/><line number="451" hits="0" branch="false"/><line number="453" hits="0" branch="false"/><line number="454" hits="0" branch="false"/><line number="455" hits="0" branch="false"/></lines></method><method name="jobqueue_pull" signature="()" line-rate="0.0" branch-rate="0.0" complexity="0.0"><lines><line number="461" hits="0" branch="false"/><line number="463" hits="0" branch="false"/><line number="464" hits="0" branch="false"/><line number="466" hits="0" branch="true" condition-coverage="0% (0/3)"><conditions><condition number="0" type="jump" coverage="0%"/></conditions></line><line number="468" hits="0" branch="false"/><line number="469" hits="0" branch="false"/><line number="471" hits="0" branch="false"/><line number="472" hits="0" branch="false"/><line number="473" hits="0" branch="false"/><line number="474" hits="0" branch="false"/><line number="475" hits="0" branch="false"/><line number="477" hits="0" branch="false"/><line number="478" hits="0" branch="false"/><line number="479" hits="0" branch="false"/><line number="481" hits="0" branch="false"/><line number="485" hits="0" branch="false"/><line number="486" hits="0" branch="false"/></lines></method><method name="jobqueue_destroy" signature="()" line-rate="0.0" branch-rate="1.0" complexity="0.0"><lines><line number="491" hits="0" branch="false"/><line number="492" hits="0" branch="false"/><line number="493" hits="0" branch="false"/><line number="494" hits="0" branch="false"/></lines></method><method name="bsem_init" signature="()" line-rate="0.0" branch-rate="0.0" complexity="0.0"><lines><line number="504" hits="0" branch="false"/><line number="505" hits="0" branch="true" condition-coverage="0% (0/4)"><conditions><condition number="0" type="jump" coverage="0%"/></conditions></line><line number="506" hits="0" branch="false"/><line number="507" hits="0" branch="false"/><line number="509" hits="0" branch="false"/><line number="510" hits="0" branch="false"/><line number="511" hits="0" branch="false"/><line number="512" hits="0" branch="false"/></lines></method><method name="bsem_reset" signature="()" line-rate="0.0" branch-rate="1.0" complexity="0.0"><lines><line number="516" hits="0" branch="false"/><line number="517" hits="0" branch="false"/><line number="518" hits="0" branch="false"/></lines></method><method name="bsem_post" signature="()" line-rate="0.0" branch-rate="1.0" complexity="0.0"><lines><line number="522" hits="0" branch="false"/><line number="523" hits="0" branch="false"/><line number="524" hits="0" branch="false"/><line number="525" hits="0" branch="false"/><line number="526" hits="0" branch="false"/><line number="527" hits="0" branch="false"/></lines></method><method name="bsem_post_all" signature="()" line-rate="0.0" branch-rate="1.0" complexity="0.0"><lines><line number="531" hits="0" branch="false"/><line number="532" hits="0" branch="false"/><line number="533" hits="0" branch="false"/><line number="534" hits="0" branch="false"/><line number="535" hits="0" branch="false"/><line number="536" hits="0" branch="false"/></lines></method><method name="bsem_wait" signature="()" line-rate="0.0" branch-rate="0.0" complexity="0.0"><lines><line number="540" hits="0" branch="false"/><line number="541" hits="0" branch="false"/><line number="542" hits="0" branch="true" condition-coverage="0% (0/2)"><conditions><condition number="0" type="jump" coverage="0%"/></conditions></line><line number="543" hits="0" branch="false"/><line number="545" hits="0" branch="false"/><line number="546" hits="0" branch="false"/><line number="547" hits="0" branch="false"/></lines></method></methods><lines><line number="121" hits="0" branch="false"/><line number="123" hits="0" branch="false"/><line number="124" hits="0" branch="false"/><line number="126" hits="0" branch="true" condition-coverage="0% (0/2)"><conditions><condition number="0" type="jump" coverage="0%"/></conditions></line><line number="127" hits="0" branch="false"/><line number="132" hits="0" branch="false"/><line number="133" hits="0" branch="true" condition-coverage="0% (0/2)"><conditions><condition number="0" type="jump" coverage="0%"/></conditions></line><line number="134" hits="0" branch="false"/><line number="135" hits="0" branch="false"/><line number="137" hits="0" branch="false"/><line number="138" hits="0" branch="false"/><line number="141" hits="0" branch="true" condition-coverage="0% (0/2)"><conditions><condition number="0" type="jump" coverage="0%"/></conditions></line><line number="142" hits="0" branch="false"/><line number="143" hits="0" branch="false"/><line number="144" hits="0" branch="false"/><line number="148" hits="0" branch="false"/><line number="149" hits="0" branch="true" condition-coverage="0% (0/2)"><conditions><condition number="0" type="jump" coverage="0%"/></conditions></line><line number="150" hits="0" branch="false"/><line number="151" hits="0" branch="false"/><line number="152" hits="0" branch="false"/><line number="153" hits="0" branch="false"/><line number="156" hits="0" branch="false"/><line number="157" hits="0" branch="false"/><line number="161" hits="0" branch="true" condition-coverage="0% (0/2)"><conditions><condition number="0" type="jump" coverage="0%"/></conditions></line><line number="162" hits="0" branch="false"/><line number="169" hits="0" branch="true" condition-coverage="0% (0/2)"><conditions><condition number="0" type="jump" coverage="0%"/></conditions></line><line number="171" hits="0" branch="false"/><line number="176" hits="0" branch="false"/><line number="179" hits="0" branch="false"/><line number="180" hits="0" branch="true" condition-coverage="0% (0/2)"><conditions><condition number="0" type="jump" coverage="0%"/></conditions></line><line number="181" hits="0" branch="false"/><line number="182" hits="0" branch="false"/><line number="186" hits="0" branch="false"/><line number="187" hits="0" branch="false"/><line number="190" hits="0" branch="false"/><line number="192" hits="0" branch="false"/><line number="197" hits="0" branch="false"/><line number="198" hits="0" branch="false"/><line number="199" hits="0" branch="true" condition-coverage="0% (0/4)"><conditions><condition number="0" type="jump" coverage="0%"/></conditions></line><line number="200" hits="0" branch="false"/><line number="202" hits="0" branch="false"/><line number="203" hits="0" branch="false"/><line number="207" hits="0" branch="false"/><line number="209" hits="0" branch="true" condition-coverage="0% (0/2)"><conditions><condition number="0" type="jump" coverage="0%"/></conditions></line><line number="211" hits="0" branch="false"/><line number="214" hits="0" branch="false"/><line number="217" hits="0" branch="false"/><line number="219" hits="0" branch="false"/><line number="220" hits="0" branch="false"/><line number="221" hits="0" branch="true" condition-coverage="0% (0/4)"><conditions><condition number="0" type="jump" coverage="0%"/></conditions></line><line number="222" hits="0" branch="false"/><line number="223" hits="0" branch="false"/><line number="224" hits="0" branch="false"/><line number="228" hits="0" branch="true" condition-coverage="0% (0/2)"><conditions><condition number="0" type="jump" coverage="0%"/></conditions></line><line number="229" hits="0" branch="false"/><line number="230" hits="0" branch="false"/><line number="234" hits="0" branch="false"/><line number="237" hits="0" branch="true" condition-coverage="0% (0/2)"><conditions><condition number="0" type="jump" coverage="0%"/></conditions></line><line number="238" hits="0" branch="false"/><line number="240" hits="0" branch="false"/><line number="241" hits="0" branch="false"/><line number="246" hits="0" branch="false"/><line number="248" hits="0" branch="true" condition-coverage="0% (0/2)"><conditions><condition number="0" type="jump" coverage="0%"/></conditions></line><line number="249" hits="0" branch="false"/><line number="251" hits="0" branch="false"/><line number="255" hits="0" branch="false"/><line number="261" hits="0" branch="false"/><line number="262" hits="0" branch="false"/><line number="265" hits="0" branch="false"/><line number="266" hits="0" branch="false"/><line number="282" hits="0" branch="false"/><line number="284" hits="0" branch="false"/><line number="285" hits="0" branch="true" condition-coverage="0% (0/2)"><conditions><condition number="0" type="jump" coverage="0%"/></conditions></line><line number="286" hits="0" branch="false"/><line number="287" hits="0" branch="false"/><line number="290" hits="0" branch="false"/><line number="291" hits="0" branch="false"/><line number="293" hits="0" branch="false"/><line number="294" hits="0" branch="false"/><line number="295" hits="0" branch="false"/><line number="300" hits="0" branch="false"/><line number="302" hits="0" branch="false"/><line number="303" hits="0" branch="true" condition-coverage="0% (0/2)"><conditions><condition number="0" type="jump" coverage="0%"/></conditions></line><line number="304" hits="0" branch="false"/><line number="306" hits="0" branch="false"/><line number="317" hits="0" branch="false"/><line number="320" hits="0" branch="false"/><line number="321" hits="0" branch="false"/><line number="325" hits="0" branch="false"/><line number="333" hits="0" branch="false"/><line number="337" hits="0" branch="false"/><line number="338" hits="0" branch="false"/><line number="339" hits="0" branch="false"/><line number="340" hits="0" branch="true" condition-coverage="0% (0/2)"><conditions><condition number="0" type="jump" coverage="0%"/></conditions></line><line number="341" hits="0" branch="false"/><line number="345" hits="0" branch="false"/><line number="346" hits="0" branch="false"/><line number="347" hits="0" branch="false"/><line number="349" hits="0" branch="true" condition-coverage="0% (0/2)"><conditions><condition number="0" type="jump" coverage="0%"/></conditions></line><line number="351" hits="0" branch="false"/><line number="353" hits="0" branch="true" condition-coverage="0% (0/2)"><conditions><condition number="0" type="jump" coverage="0%"/></conditions></line><line number="355" hits="0" branch="false"/><line number="356" hits="0" branch="false"/><line number="357" hits="0" branch="false"/><line number="362" hits="0" branch="false"/><line number="363" hits="0" branch="true" condition-coverage="0% (0/2)"><conditions><condition number="0" type="jump" coverage="0%"/></conditions></line><line number="364" hits="0" branch="false"/><line number="365" hits="0" branch="false"/><line number="366" hits="0" branch="false"/><line number="367" hits="0" branch="false"/><line number="370" hits="0" branch="false"/><line number="371" hits="0" branch="false"/><line number="372" hits="0" branch="true" condition-coverage="0% (0/2)"><conditions><condition number="0" type="jump" coverage="0%"/></conditions></line><line number="373" hits="0" branch="false"/><line number="375" hits="0" branch="false"/><line number="379" hits="0" branch="false"/><line number="380" hits="0" branch="false"/><line number="381" hits="0" branch="false"/><line number="383" hits="0" branch="false"/><line number="388" hits="0" branch="false"/><line number="389" hits="0" branch="false"/><line number="390" hits="0" branch="false"/><line number="400" hits="0" branch="false"/><line number="401" hits="0" branch="false"/><line number="402" hits="0" branch="false"/><line number="403" hits="0" branch="false"/><line number="405" hits="0" branch="false"/><line number="406" hits="0" branch="true" condition-coverage="0% (0/2)"><conditions><condition number="0" type="jump" coverage="0%"/></conditions></line><line number="407" hits="0" branch="false"/><line number="410" hits="0" branch="false"/><line number="411" hits="0" branch="false"/><line number="413" hits="0" branch="false"/><line number="418" hits="0" branch="false"/><line number="420" hits="0" branch="true" condition-coverage="0% (0/2)"><conditions><condition number="0" type="jump" coverage="0%"/></conditions></line><line number="421" hits="0" branch="false"/><line number="424" hits="0" branch="false"/><line number="425" hits="0" branch="false"/><line number="426" hits="0" branch="false"/><line number="427" hits="0" branch="false"/><line number="429" hits="0" branch="false"/><line number="434" hits="0" branch="false"/><line number="436" hits="0" branch="false"/><line number="437" hits="0" branch="false"/><line number="439" hits="0" branch="true" condition-coverage="0% (0/2)"><conditions><condition number="0" type="jump" coverage="0%"/></conditions></line><line number="441" hits="0" branch="false"/><line number="442" hits="0" branch="false"/><line number="443" hits="0" branch="false"/><line number="444" hits="0" branch="false"/><line number="446" hits="0" branch="false"/><line number="447" hits="0" branch="false"/><line number="448" hits="0" branch="false"/><line number="451" hits="0" branch="false"/><line number="453" hits="0" branch="false"/><line number="454" hits="0" branch="false"/><line number="455" hits="0" branch="false"/><line number="461" hits="0" branch="false"/><line number="463" hits="0" branch="false"/><line number="464" hits="0" branch="false"/><line number="466" hits="0" branch="true" condition-coverage="0% (0/3)"><conditions><condition number="0" type="jump" coverage="0%"/></conditions></line><line number="468" hits="0" branch="false"/><line number="469" hits="0" branch="false"/><line number="471" hits="0" branch="false"/><line number="472" hits="0" branch="false"/><line number="473" hits="0" branch="false"/><line number="474" hits="0" branch="false"/><line number="475" hits="0" branch="false"/><line number="477" hits="0" branch="false"/><line number="478" hits="0" branch="false"/><line number="479" hits="0" branch="false"/><line number="481" hits="0" branch="false"/><line number="485" hits="0" branch="false"/><line number="486" hits="0" branch="false"/><line number="491" hits="0" branch="false"/><line number="492" hits="0" branch="false"/><line number="493" hits="0" branch="false"/><line number="494" hits="0" branch="false"/><line number="504" hits="0" branch="false"/><line number="505" hits="0" branch="true" condition-coverage="0% (0/4)"><conditions><condition number="0" type="jump" coverage="0%"/></conditions></line><line number="506" hits="0" branch="false"/><line number="507" hits="0" branch="false"/><line number="509" hits="0" branch="false"/><line number="510" hits="0" branch="false"/><line number="511" hits="0" branch="false"/><line number="512" hits="0" branch="false"/><line number="516" hits="0" branch="false"/><line number="517" hits="0" branch="false"/><line number="518" hits="0" branch="false"/><line number="522" hits="0" branch="false"/><line number="523" hits="0" branch="false"/><line number="524" hits="0" branch="false"/><line number="525" hits="0" branch="false"/><line number="526" hits="0" branch="false"/><line number="527" hits="0" branch="false"/><line number="531" hits="0" branch="false"/><line number="532" hits="0" branch="false"/><line number="533" hits="0" branch="false"/><line number="534" hits="0" branch="false"/><line number="535" hits="0" branch="false"/><line number="536" hits="0" branch="false"/><line number="540" hits="0" branch="false"/><line number="541" hits="0" branch="false"/><line number="542" hits="0" branch="true" condition-coverage="0% (0/2)"><conditions><condition number="0" type="jump" coverage="0%"/></conditions></line><line number="543" hits="0" branch="false"/><line number="545" hits="0" branch="false"/><line number="546" hits="0" branch="false"/><line number="547" hits="0" branch="false"/></lines></class><class name="uinput_c" filename="src/uinput.c" line-rate="0.0" branch-rate="0.0" complexity="0.0"><methods><method name="watch_user_input_worker" signature="()" line-rate="0.0" branch-rate="1.0" complexity="0.0"><lines><line number="19" hits="0" branch="false"/><line number="27" hits="0" branch="false"/><line number="30" hits="0" branch="false"/><line number="35" hits="0" branch="false"/></lines></method><method name="restore_termios" signature="()" line-rate="0.0" branch-rate="1.0" complexity="0.0"><lines><line number="41" hits="0" branch="false"/><line number="43" hits="0" branch="false"/><line number="44" hits="0" branch="false"/></lines></method><method name="config_termios" signature="()" line-rate="0.0" branch-rate="0.0" complexity="0.0"><lines><line number="49" hits="0" branch="false"/><line number="51" hits="0" branch="true" condition-coverage="0% (0/2)"><conditions><condition number="0" type="jump" coverage="0%"/></conditions></line><line number="52" hits="0" branch="false"/><line number="54" hits="0" branch="false"/><line number="55" hits="0" branch="false"/><line number="57" hits="0" branch="true" condition-coverage="0% (0/2)"><conditions><condition number="0" type="jump" coverage="0%"/></conditions></line><line number="58" hits="0" branch="false"/><line number="60" hits="0" branch="false"/><line number="61" hits="0" branch="false"/></lines></method><method name="watch_user_input" signature="()" line-rate="0.0" branch-rate="0.0" complexity="0.0"><lines><line number="64" hits="0" branch="false"/><line number="68" hits="0" branch="true" condition-coverage="0% (0/2)"><conditions><condition number="0" type="jump" coverage="0%"/></conditions></line><line number="69" hits="0" branch="false"/><line number="71" hits="0" branch="false"/><line number="72" hits="0" branch="true" condition-coverage="0% (0/2)"><conditions><condition number="0" type="jump" coverage="0%"/></conditions></line><line number="73" hits="0" branch="false"/></lines></method></methods><lines><line number="19" hits="0" branch="false"/><line number="27" hits="0" branch="false"/><line number="30" hits="0" branch="false"/><line number="35" hits="0" branch="false"/><line number="41" hits="0" branch="false"/><line number="43" hits="0" branch="false"/><line number="44" hits="0" branch="false"/><line number="49" hits="0" branch="false"/><line number="51" hits="0" branch="true" condition-coverage="0% (0/2)"><conditions><condition number="0" type="jump" coverage="0%"/></conditions></line><line number="52" hits="0" branch="false"/><line number="54" hits="0" branch="false"/><line number="55" hits="0" branch="false"/><line number="57" hits="0" branch="true" condition-coverage="0% (0/2)"><conditions><condition number="0" type="jump" coverage="0%"/></conditions></line><line number="58" hits="0" branch="false"/><line number="60" hits="0" branch="false"/><line number="61" hits="0" branch="false"/><line number="64" hits="0" branch="false"/><line number="68" hits="0" branch="true" condition-coverage="0% (0/2)"><conditions><condition number="0" type="jump" coverage="0%"/></conditions></line><line number="69" hits="0" branch="false"/><line number="71" hits="0" branch="false"/><line number="72" hits="0" branch="true" condition-coverage="0% (0/2)"><conditions><condition number="0" type="jump" coverage="0%"/></conditions></line><line number="73" hits="0" branch="false"/></lines></class></classes></package></packages></coverage>